Removed Pin From Net: NetName=GND Pin=03R1-2
Removed Pin From Net: NetName=GND Pin=3R1-2
Removed Pin From Net: NetName=GND Pin=03R2-2
Removed Pin From Net: NetName=GND Pin=3R2-2
Removed Pin From Net: NetName=GND Pin=30R1-2
Removed Pin From Net: NetName=GND Pin=30R2-2
Removed Pin From Net: NetName=GND Pin=300R1-2
Removed Pin From Net: NetName=GND Pin=300R2-2
Change Component Footprint: Designator=J9 Old Footprint=16 pin header New Footprint=16 pin receiver
Change Component Comment : Designator=J9 Old Comment=SSM-108-X-DV New Comment=HW-08-10-F-D-457-SM
Added Pin To Net: NetName=GND Pin=300R1-1
Added Pin To Net: NetName=GND Pin=J9-16
Added Pin To Net: NetName=GND Pin=L1-2
Change Net Name : Old Net Name=GND New Net Name=-12V
Added Pin To Net: NetName=GND Pin=3R1-2
Added Pin To Net: NetName=GND Pin=03R1-2
Added Pin To Net: NetName=GND Pin=3R2-2
Added Pin To Net: NetName=GND Pin=03R2-2
Added Pin To Net: NetName=GND Pin=30R1-2
Added Pin To Net: NetName=GND Pin=30R2-2
Added Pin To Net: NetName=GND Pin=300R1-2
Added Pin To Net: NetName=GND Pin=300R2-2
Added Net: Name=GND
