Removed Pin From Net: NetName=DIG_10 Pin=J1-2
Removed Pin From Net: NetName=DIG_12 Pin=J2-2
Removed Pin From Net: NetName=DIG_14 Pin=J3-2
Removed Pin From Net: NetName=DIG_9 Pin=J4-2
Removed Pin From Net: NetName=DIG_13 Pin=J5-2
Removed Pin From Net: NetName=DIG_11 Pin=J6-2
Removed Pin From Net: NetName=DIG_5 Pin=J10-2
Removed Pin From Net: NetName=DIG_3 Pin=J11-2
Removed Pin From Net: NetName=DIG_1 Pin=J12-2
Removed Pin From Net: NetName=DIG_7 Pin=J13-2
Removed Pin From Net: NetName=DIG_2 Pin=J14-2
Removed Pin From Net: NetName=DIG_4 Pin=J15-2
Removed Pin From Net: NetName=DIG_6 Pin=J16-2
Removed Pin From Net: NetName=+Line4 Pin=L1-1
Removed Pin From Net: NetName=+12V Pin=L1-2
Removed Pin From Net: NetName=+Line3 Pin=L2-1
Removed Pin From Net: NetName=+Line4 Pin=L2-2
Removed Pin From Net: NetName=+Line2 Pin=L3-1
Removed Pin From Net: NetName=+Line3 Pin=L3-2
Removed Pin From Net: NetName=+Line1 Pin=L4-1
Removed Pin From Net: NetName=+Line2 Pin=L4-2
Added Pin To Net: NetName=DIG_5 Pin=J1-2
Added Pin To Net: NetName=DIG_3 Pin=J2-2
Added Pin To Net: NetName=DIG_1 Pin=J3-2
Added Pin To Net: NetName=DIG_2 Pin=J4-2
Added Pin To Net: NetName=DIG_4 Pin=J5-2
Added Pin To Net: NetName=DIG_6 Pin=J6-2
Added Pin To Net: NetName=DIG_7 Pin=J10-2
Added Pin To Net: NetName=DIG_9 Pin=J11-2
Added Pin To Net: NetName=DIG_11 Pin=J12-2
Added Pin To Net: NetName=DIG_13 Pin=J13-2
Added Pin To Net: NetName=DIG_14 Pin=J14-2
Added Pin To Net: NetName=DIG_12 Pin=J15-2
Added Pin To Net: NetName=DIG_10 Pin=J16-2
Added Pin To Net: NetName=+Line1 Pin=L1-1
Added Pin To Net: NetName=+Line2 Pin=L1-2
Added Pin To Net: NetName=+Line2 Pin=L2-1
Added Pin To Net: NetName=+Line3 Pin=L2-2
Added Pin To Net: NetName=+Line3 Pin=L3-1
Added Pin To Net: NetName=+Line4 Pin=L3-2
Added Pin To Net: NetName=+Line4 Pin=L4-1
Added Pin To Net: NetName=+12V Pin=L4-2
