Removed Pin From Net: NetName=GND Pin=20R1-1
Removed Pin From Net: NetName=CurrentTest Pin=current_IC-1
Removed Pin From Net: NetName=CurrentTest Pin=current_IC-2
Removed Pin From Net: NetName=+Line1 Pin=current_IC-3
Removed Pin From Net: NetName=+Line1 Pin=current_IC-4
Removed Pin From Net: NetName=GND Pin=current_IC-5
Removed Pin From Net: NetName=GND Pin=J_test-3
Removed Pin From Net: NetName=GND Pin=P2-2
Removed Pin From Net: NetName=GND Pin=P3-2
Removed Pin From Net: NetName=GND Pin=Remote V Relay-2
Removed Pin From Net: NetName=+Line1 Pin=Remote V Relay-4
Removed Pin From Net: NetName=+12V Pin=testC-1
Removed Pin From Net: NetName=GND Pin=testC-2
Removed Pin From Net: NetName=+12V Pin=testR-2
Removed Pin From Net: NetName=GND Pin=U2-2
Removed Pin From Net: NetName=+12V Pin=U2-4
Removed Member From Class: ClassName=bot_schem_v3 Member=20R1
Removed Member From Class: ClassName=bot_schem_v3 Member=30R1
Removed Member From Class: ClassName=bot_schem_v3 Member=current_IC
Removed Member From Class: ClassName=bot_schem_v3 Member=J_test
Removed Member From Class: ClassName=bot_schem_v3 Member=P2
Removed Member From Class: ClassName=bot_schem_v3 Member=P3
Removed Member From Class: ClassName=bot_schem_v3 Member=Remote V Relay
Removed Member From Class: ClassName=bot_schem_v3 Member=testC
Removed Member From Class: ClassName=bot_schem_v3 Member=testR
Removed Member From Class: ClassName=bot_schem_v3 Member=U2
Change Component Designator: OldDesignator=0.3R1 NewDesignator=R1
Change Component Designator: OldDesignator=0.3R7 NewDesignator=03R7
Change Component Designator: OldDesignator=0.3R14 NewDesignator=R14
Change Component Designator: OldDesignator=Current_Output NewDesignator=Output_Test
Change Component Designator: OldDesignator=V_Filter NewDesignator=V_Filter?
Added Component: Designator=I_Test(PRPC001DFAN-RC)
Add component (AddParameter): Name = "Category"; Value = "Connectors"; VariantName = "[No Variations]"
Add component (AddParameter): Name = "Color"; Value = "Black"; VariantName = "[No Variations]"
Add component (AddParameter): Name = "ComponentLink1Description"; Value = "https://datasheet.ciiva.com/741/xrxczzzdxxn-rc-11636-b-741404.pdf?src-supplier=Digi-Key"; VariantName = "[No Variations]"
Add component (AddParameter): Name = "ComponentLink1URL"; Value = "https://datasheet.ciiva.com/741/xrxczzzdxxn-rc-11636-b-741404.pdf?src-supplier=Digi-Key"; VariantName = "[No Variations]"
Add component (AddParameter): Name = "Connector Type"; Value = "Male Pin"; VariantName = "[No Variations]"
Add component (AddParameter): Name = "Contact Mating Length"; Value = "0.318inch"; VariantName = "[No Variations]"
Add component (AddParameter): Name = "Contact Plating"; Value = "Gold"; VariantName = "[No Variations]"
Add component (AddParameter): Name = "Manufacturer"; Value = "Sullins"; VariantName = "[No Variations]"
Add component (AddParameter): Name = "Manufacturer Part Number"; Value = "PRPC001DFAN-RC"; VariantName = "[No Variations]"
Add component (AddParameter): Name = "Mount"; Value = "Through Hole"; VariantName = "[No Variations]"
Add component (AddParameter): Name = "Number of Positions"; Value = "2"; VariantName = "[No Variations]"
Add component (AddParameter): Name = "Number of Rows"; Value = "2"; VariantName = "[No Variations]"
Add component (AddParameter): Name = "Package Quantity"; Value = "1"; VariantName = "[No Variations]"
Add component (AddParameter): Name = "Packaging"; Value = "Bulk"; VariantName = "[No Variations]"
Add component (AddParameter): Name = "Pricing 1"; Value = "1=0.09000, 10=0.08300, 25=0.06160, 50=0.05280, 100=0.05110, 250=0.04404, 500=0.04226 (USD)"; VariantName = "[No Variations]"
Add component (AddParameter): Name = "RoHS"; Value = "Yes"; VariantName = "[No Variations]"
Add component (AddParameter): Name = "Row Spacing"; Value = "0.1inch"; VariantName = "[No Variations]"
Add component (AddParameter): Name = "Stock 1"; Value = "5964"; VariantName = "[No Variations]"
Add component (AddParameter): Name = "Supplier 1"; Value = "Digi-Key"; VariantName = "[No Variations]"
Add component (AddParameter): Name = "Supplier Part Number 1"; Value = "S2211EC-01-ND"; VariantName = "[No Variations]"
Add component (AddParameter): Name = "Termination"; Value = "Solder"; VariantName = "[No Variations]"
Added Pin To Net: NetName=CurrentTest Pin=I_Test-1
Added Pin To Net: NetName=+Line1 Pin=I_Test-2
Change Class Name : Old Net Name=bot_schem_v3 New Net Name=bot_schem
Added Member To Class: ClassName=bot_schem Member=Component I_Test PRPC001DFAN-RC
Change Room Name: Old Name=bot_schem_v3 New Name=bot_schem
Change Room Scope: Old Scope=InComponentClass('bot_schem_v3') New Scope=InComponentClass('bot_schem')
