Removed Pin From Net: NetName=GND Pin=20R2-1
Removed Pin From Net: NetName=+Line1 Pin=IC2-1
Removed Pin From Net: NetName=+Line1 Pin=IC2-2
Removed Pin From Net: NetName=+12V Pin=IC2-3
Removed Pin From Net: NetName=+12V Pin=IC2-4
Removed Pin From Net: NetName=GND Pin=IC2-5
Removed Pin From Net: NetName=+12V Pin=U3-4
Removed Member From Class: ClassName=bot_schem_v3 Member=20R2
Removed Member From Class: ClassName=bot_schem_v3 Member=30R2
Removed Member From Class: ClassName=bot_schem_v3 Member=IC2
Change Component Designator: OldDesignator=Current Output NewDesignator=Output_Test
Change Component Designator: OldDesignator=IC1 NewDesignator=current_IC
Added Component: Designator=V_Filter?(PRPC001DFAN-RC)
Add component (AddParameter): Name = "Category"; Value = "Connectors"; VariantName = "[No Variations]"
Add component (AddParameter): Name = "Color"; Value = "Black"; VariantName = "[No Variations]"
Add component (AddParameter): Name = "ComponentLink1Description"; Value = "https://datasheet.ciiva.com/741/xrxczzzdxxn-rc-11636-b-741404.pdf?src-supplier=Digi-Key"; VariantName = "[No Variations]"
Add component (AddParameter): Name = "ComponentLink1URL"; Value = "https://datasheet.ciiva.com/741/xrxczzzdxxn-rc-11636-b-741404.pdf?src-supplier=Digi-Key"; VariantName = "[No Variations]"
Add component (AddParameter): Name = "Connector Type"; Value = "Male Pin"; VariantName = "[No Variations]"
Add component (AddParameter): Name = "Contact Mating Length"; Value = "0.318inch"; VariantName = "[No Variations]"
Add component (AddParameter): Name = "Contact Plating"; Value = "Gold"; VariantName = "[No Variations]"
Add component (AddParameter): Name = "Manufacturer"; Value = "Sullins"; VariantName = "[No Variations]"
Add component (AddParameter): Name = "Manufacturer Part Number"; Value = "PRPC001DFAN-RC"; VariantName = "[No Variations]"
Add component (AddParameter): Name = "Mount"; Value = "Through Hole"; VariantName = "[No Variations]"
Add component (AddParameter): Name = "Number of Positions"; Value = "2"; VariantName = "[No Variations]"
Add component (AddParameter): Name = "Number of Rows"; Value = "2"; VariantName = "[No Variations]"
Add component (AddParameter): Name = "Package Quantity"; Value = "1"; VariantName = "[No Variations]"
Add component (AddParameter): Name = "Packaging"; Value = "Bulk"; VariantName = "[No Variations]"
Add component (AddParameter): Name = "Pricing 1"; Value = "1=0.09000, 10=0.08300, 25=0.06160, 50=0.05280, 100=0.05110, 250=0.04404, 500=0.04226 (USD)"; VariantName = "[No Variations]"
Add component (AddParameter): Name = "RoHS"; Value = "Yes"; VariantName = "[No Variations]"
Add component (AddParameter): Name = "Row Spacing"; Value = "0.1inch"; VariantName = "[No Variations]"
Add component (AddParameter): Name = "Stock 1"; Value = "5964"; VariantName = "[No Variations]"
Add component (AddParameter): Name = "Supplier 1"; Value = "Digi-Key"; VariantName = "[No Variations]"
Add component (AddParameter): Name = "Supplier Part Number 1"; Value = "S2211EC-01-ND"; VariantName = "[No Variations]"
Add component (AddParameter): Name = "Termination"; Value = "Solder"; VariantName = "[No Variations]"
Added Pin To Net: NetName=+Line1 Pin=U3-4
Added Pin To Net: NetName=+Line1 Pin=V_Filter?-1
Added Pin To Net: NetName=+12V Pin=V_Filter?-2
Added Pin To Net: NetName=V_Remote Pin=P3-1
Added Pin To Net: NetName=V_Remote Pin=U3-3
Added Net: Name=V_Remote
Added Member To Class: ClassName=bot_schem_v3 Member=Component V_Filter? PRPC001DFAN-RC
