Removed Pin From Net: NetName=GND Pin=J1-4
Removed Pin From Net: NetName=GND Pin=J1-4
Removed Pin From Net: NetName=GND Pin=J1-4
Removed Pin From Net: NetName=GND Pin=J2-4
Removed Pin From Net: NetName=GND Pin=J2-4
Removed Pin From Net: NetName=GND Pin=J2-4
Removed Pin From Net: NetName=GND Pin=J3-4
Removed Pin From Net: NetName=GND Pin=J3-4
Removed Pin From Net: NetName=GND Pin=J3-4
Removed Pin From Net: NetName=GND Pin=J4-4
Removed Pin From Net: NetName=GND Pin=J4-4
Removed Pin From Net: NetName=GND Pin=J4-4
Removed Pin From Net: NetName=GND Pin=J5-4
Removed Pin From Net: NetName=GND Pin=J5-4
Removed Pin From Net: NetName=GND Pin=J5-4
Removed Pin From Net: NetName=GND Pin=J6-4
Removed Pin From Net: NetName=GND Pin=J6-4
Removed Pin From Net: NetName=GND Pin=J6-4
Removed Pin From Net: NetName=GND Pin=J7-4
Removed Pin From Net: NetName=GND Pin=J7-4
Removed Pin From Net: NetName=GND Pin=J7-4
Removed Pin From Net: NetName=DIG_1 Pin=J9-01
Removed Pin From Net: NetName=DIG_2 Pin=J9-02
Removed Pin From Net: NetName=DIG_3 Pin=J9-03
Removed Pin From Net: NetName=DIG_4 Pin=J9-04
Removed Pin From Net: NetName=DIG_5 Pin=J9-05
Removed Pin From Net: NetName=DIG_6 Pin=J9-06
Removed Pin From Net: NetName=DIG_7 Pin=J9-07
Removed Pin From Net: NetName=DIG_9 Pin=J9-09
Removed Pin From Net: NetName=DIG_10 Pin=J9-10
Removed Pin From Net: NetName=DIG_11 Pin=J9-11
Removed Pin From Net: NetName=DIG_12 Pin=J9-12
Removed Pin From Net: NetName=DIG_13 Pin=J9-13
Removed Pin From Net: NetName=DIG_14 Pin=J9-14
Removed Pin From Net: NetName=GND Pin=J10-4
Removed Pin From Net: NetName=GND Pin=J10-4
Removed Pin From Net: NetName=GND Pin=J10-4
Removed Pin From Net: NetName=GND Pin=J11-4
Removed Pin From Net: NetName=GND Pin=J11-4
Removed Pin From Net: NetName=GND Pin=J11-4
Removed Pin From Net: NetName=GND Pin=J12-4
Removed Pin From Net: NetName=GND Pin=J12-4
Removed Pin From Net: NetName=GND Pin=J12-4
Removed Pin From Net: NetName=GND Pin=J13-4
Removed Pin From Net: NetName=GND Pin=J13-4
Removed Pin From Net: NetName=GND Pin=J13-4
Removed Pin From Net: NetName=GND Pin=J14-4
Removed Pin From Net: NetName=GND Pin=J14-4
Removed Pin From Net: NetName=GND Pin=J14-4
Removed Pin From Net: NetName=GND Pin=J15-4
Removed Pin From Net: NetName=GND Pin=J15-4
Removed Pin From Net: NetName=GND Pin=J15-4
Removed Pin From Net: NetName=GND Pin=J16-4
Removed Pin From Net: NetName=GND Pin=J16-4
Removed Pin From Net: NetName=GND Pin=J16-4
Removed Pin From Net: NetName=+Line4 Pin=L1-1
Removed Pin From Net: NetName=+12V Pin=L1-2
Removed Pin From Net: NetName=+Line3 Pin=L2-1
Removed Pin From Net: NetName=+Line4 Pin=L2-2
Removed Pin From Net: NetName=+Line2 Pin=L3-1
Removed Pin From Net: NetName=+Line3 Pin=L3-2
Removed Pin From Net: NetName=+Line1 Pin=L4-1
Removed Pin From Net: NetName=+Line2 Pin=L4-2
Removed Pin From Net: NetName=GND Pin=P1-3
Removed Pin From Net: NetName=GND Pin=P1-4
Added Pin To Net: NetName=DIG_14 Pin=J9-01
Added Pin To Net: NetName=DIG_9 Pin=J9-02
Added Pin To Net: NetName=DIG_12 Pin=J9-03
Added Pin To Net: NetName=DIG_13 Pin=J9-04
Added Pin To Net: NetName=DIG_10 Pin=J9-05
Added Pin To Net: NetName=DIG_11 Pin=J9-06
Added Pin To Net: NetName=DIG_5 Pin=J9-07
Added Pin To Net: NetName=DIG_3 Pin=J9-09
Added Pin To Net: NetName=DIG_6 Pin=J9-10
Added Pin To Net: NetName=DIG_1 Pin=J9-11
Added Pin To Net: NetName=DIG_4 Pin=J9-12
Added Pin To Net: NetName=DIG_7 Pin=J9-13
Added Pin To Net: NetName=DIG_2 Pin=J9-14
Added Pin To Net: NetName=+Line1 Pin=L1-1
Added Pin To Net: NetName=+Line2 Pin=L1-2
Added Pin To Net: NetName=+Line2 Pin=L2-1
Added Pin To Net: NetName=+Line3 Pin=L2-2
Added Pin To Net: NetName=+Line3 Pin=L3-1
Added Pin To Net: NetName=+Line4 Pin=L3-2
Added Pin To Net: NetName=+Line4 Pin=L4-1
Added Pin To Net: NetName=+12V Pin=L4-2
