Removed Pin From Net: NetName=DIG_5 Pin=J1-2
Removed Pin From Net: NetName=DIG_3 Pin=J2-2
Removed Pin From Net: NetName=DIG_1 Pin=J3-2
Removed Pin From Net: NetName=DIG_2 Pin=J4-2
Removed Pin From Net: NetName=DIG_4 Pin=J5-2
Removed Pin From Net: NetName=DIG_6 Pin=J6-2
Removed Pin From Net: NetName=DIG_8 Pin=J7-2
Removed Pin From Net: NetName=DIG_1 Pin=J9-01
Removed Pin From Net: NetName=DIG_2 Pin=J9-02
Removed Pin From Net: NetName=DIG_3 Pin=J9-03
Removed Pin From Net: NetName=DIG_4 Pin=J9-04
Removed Pin From Net: NetName=DIG_5 Pin=J9-05
Removed Pin From Net: NetName=DIG_6 Pin=J9-06
Removed Pin From Net: NetName=DIG_7 Pin=J9-07
Removed Pin From Net: NetName=DIG_8 Pin=J9-08
Removed Pin From Net: NetName=DIG_9 Pin=J9-09
Removed Pin From Net: NetName=DIG_10 Pin=J9-10
Removed Pin From Net: NetName=DIG_11 Pin=J9-11
Removed Pin From Net: NetName=DIG_12 Pin=J9-12
Removed Pin From Net: NetName=DIG_13 Pin=J9-13
Removed Pin From Net: NetName=DIG_14 Pin=J9-14
Removed Pin From Net: NetName=+12V Pin=J9-15
Removed Pin From Net: NetName=GND Pin=J9-16
Removed Pin From Net: NetName=DIG_7 Pin=J10-2
Removed Pin From Net: NetName=DIG_9 Pin=J11-2
Removed Pin From Net: NetName=DIG_11 Pin=J12-2
Removed Pin From Net: NetName=DIG_13 Pin=J13-2
Removed Pin From Net: NetName=DIG_14 Pin=J14-2
Removed Pin From Net: NetName=DIG_12 Pin=J15-2
Removed Pin From Net: NetName=DIG_10 Pin=J16-2
Added Pin To Net: NetName=DIG_12 Pin=J1-2
Added Pin To Net: NetName=DIG_13 Pin=J2-2
Added Pin To Net: NetName=DIG_14 Pin=J3-2
Added Pin To Net: NetName=DIG_1 Pin=J4-2
Added Pin To Net: NetName=DIG_2 Pin=J5-2
Added Pin To Net: NetName=DIG_3 Pin=J6-2
Added Pin To Net: NetName=DIG_4 Pin=J7-2
Added Pin To Net: NetName=GND Pin=J9-01
Added Pin To Net: NetName=+12V Pin=J9-02
Added Pin To Net: NetName=DIG_14 Pin=J9-03
Added Pin To Net: NetName=DIG_1 Pin=J9-04
Added Pin To Net: NetName=DIG_13 Pin=J9-05
Added Pin To Net: NetName=DIG_2 Pin=J9-06
Added Pin To Net: NetName=DIG_12 Pin=J9-07
Added Pin To Net: NetName=DIG_3 Pin=J9-08
Added Pin To Net: NetName=DIG_11 Pin=J9-09
Added Pin To Net: NetName=DIG_4 Pin=J9-10
Added Pin To Net: NetName=DIG_10 Pin=J9-11
Added Pin To Net: NetName=DIG_5 Pin=J9-12
Added Pin To Net: NetName=DIG_9 Pin=J9-13
Added Pin To Net: NetName=DIG_6 Pin=J9-14
Added Pin To Net: NetName=DIG_8 Pin=J9-15
Added Pin To Net: NetName=DIG_7 Pin=J9-16
Added Pin To Net: NetName=DIG_11 Pin=J10-2
Added Pin To Net: NetName=DIG_10 Pin=J11-2
Added Pin To Net: NetName=DIG_9 Pin=J12-2
Added Pin To Net: NetName=DIG_8 Pin=J13-2
Added Pin To Net: NetName=DIG_7 Pin=J14-2
Added Pin To Net: NetName=DIG_6 Pin=J15-2
Added Pin To Net: NetName=DIG_5 Pin=J16-2
