Change Component Designator: Old Designator=3R? New Designator=3
Change Component Designator: Old Designator=03R? New Designator=4
Change Component Designator: Old Designator=03R? New Designator=5
Change Component Designator: Old Designator=3R? New Designator=6
Change Component Designator: Old Designator=30R? New Designator=2
Change Component Designator: Old Designator=30R? New Designator=7
Change Component Designator: Old Designator=300R? New Designator=1
Change Component Designator: Old Designator=300R? New Designator=8
Change Component Designator: Old Designator=J? New Designator=J17
Change Component Designator: Old Designator=J? New Designator=J18
Change Component Designator: Old Designator=L? New Designator=L9
Change Component Designator: Old Designator=L? New Designator=L10
Change Component Designator: Old Designator=L? New Designator=L11
Change Component Designator: Old Designator=L? New Designator=L12
Change Component Designator: Old Designator=L? New Designator=L13
Change Component Designator: Old Designator=L? New Designator=L14
Change Component Designator: Old Designator=L? New Designator=L15
Change Component Designator: Old Designator=L? New Designator=L16
Change Component Designator: Old Designator=P? New Designator=P2
Change Component Designator: Old Designator=P? New Designator=P3
Change Component Designator: Old Designator=U? New Designator=U1
