Added Component: Designator=J1(IF-D95)
Add component (AddParameter): Name = "Category"; Value = "Fiber Optic Cables"; VariantName = "[No Variations]"
Add component (AddParameter): Name = "ComponentLink1Description"; Value = "https://datasheet.ciiva.com/2106/ifd95-2106550.pdf?src-supplier=Digi-Key"; VariantName = "[No Variations]"
Add component (AddParameter): Name = "ComponentLink1URL"; Value = "https://datasheet.ciiva.com/2106/ifd95-2106550.pdf?src-supplier=Digi-Key"; VariantName = "[No Variations]"
Add component (AddParameter): Name = "Data Rate"; Value = "125Kbps"; VariantName = "[No Variations]"
Add component (AddParameter): Name = "Lead Free"; Value = "Contains Lead"; VariantName = "[No Variations]"
Add component (AddParameter): Name = "Manufacturer"; Value = "Industrial Fiber Optics"; VariantName = "[No Variations]"
Add component (AddParameter): Name = "Manufacturer Part Number"; Value = "IF-D95T"; VariantName = "[No Variations]"
Add component (AddParameter): Name = "Operating Supply Current"; Value = "6mA"; VariantName = "[No Variations]"
Add component (AddParameter): Name = "Package Quantity"; Value = "50"; VariantName = "[No Variations]"
Add component (AddParameter): Name = "Rise Time"; Value = "70ns"; VariantName = "[No Variations]"
Add component (AddParameter): Name = "RoHS"; Value = "No"; VariantName = "[No Variations]"
Add component (AddParameter): Name = "Supplier 1"; Value = "Digi-Key"; VariantName = "[No Variations]"
Add component (AddParameter): Name = "Supplier Part Number 1"; Value = "FB123-ND"; VariantName = "[No Variations]"
Added Component: Designator=J2(IF-D95)
Add component (AddParameter): Name = "Category"; Value = "Fiber Optic Cables"; VariantName = "[No Variations]"
Add component (AddParameter): Name = "ComponentLink1Description"; Value = "https://datasheet.ciiva.com/2106/ifd95-2106550.pdf?src-supplier=Digi-Key"; VariantName = "[No Variations]"
Add component (AddParameter): Name = "ComponentLink1URL"; Value = "https://datasheet.ciiva.com/2106/ifd95-2106550.pdf?src-supplier=Digi-Key"; VariantName = "[No Variations]"
Add component (AddParameter): Name = "Data Rate"; Value = "125Kbps"; VariantName = "[No Variations]"
Add component (AddParameter): Name = "Lead Free"; Value = "Contains Lead"; VariantName = "[No Variations]"
Add component (AddParameter): Name = "Manufacturer"; Value = "Industrial Fiber Optics"; VariantName = "[No Variations]"
Add component (AddParameter): Name = "Manufacturer Part Number"; Value = "IF-D95T"; VariantName = "[No Variations]"
Add component (AddParameter): Name = "Operating Supply Current"; Value = "6mA"; VariantName = "[No Variations]"
Add component (AddParameter): Name = "Package Quantity"; Value = "50"; VariantName = "[No Variations]"
Add component (AddParameter): Name = "Rise Time"; Value = "70ns"; VariantName = "[No Variations]"
Add component (AddParameter): Name = "RoHS"; Value = "No"; VariantName = "[No Variations]"
Add component (AddParameter): Name = "Supplier 1"; Value = "Digi-Key"; VariantName = "[No Variations]"
Add component (AddParameter): Name = "Supplier Part Number 1"; Value = "FB123-ND"; VariantName = "[No Variations]"
Added Component: Designator=J3(IF-D95)
Add component (AddParameter): Name = "Category"; Value = "Fiber Optic Cables"; VariantName = "[No Variations]"
Add component (AddParameter): Name = "ComponentLink1Description"; Value = "https://datasheet.ciiva.com/2106/ifd95-2106550.pdf?src-supplier=Digi-Key"; VariantName = "[No Variations]"
Add component (AddParameter): Name = "ComponentLink1URL"; Value = "https://datasheet.ciiva.com/2106/ifd95-2106550.pdf?src-supplier=Digi-Key"; VariantName = "[No Variations]"
Add component (AddParameter): Name = "Data Rate"; Value = "125Kbps"; VariantName = "[No Variations]"
Add component (AddParameter): Name = "Lead Free"; Value = "Contains Lead"; VariantName = "[No Variations]"
Add component (AddParameter): Name = "Manufacturer"; Value = "Industrial Fiber Optics"; VariantName = "[No Variations]"
Add component (AddParameter): Name = "Manufacturer Part Number"; Value = "IF-D95T"; VariantName = "[No Variations]"
Add component (AddParameter): Name = "Operating Supply Current"; Value = "6mA"; VariantName = "[No Variations]"
Add component (AddParameter): Name = "Package Quantity"; Value = "50"; VariantName = "[No Variations]"
Add component (AddParameter): Name = "Rise Time"; Value = "70ns"; VariantName = "[No Variations]"
Add component (AddParameter): Name = "RoHS"; Value = "No"; VariantName = "[No Variations]"
Add component (AddParameter): Name = "Supplier 1"; Value = "Digi-Key"; VariantName = "[No Variations]"
Add component (AddParameter): Name = "Supplier Part Number 1"; Value = "FB123-ND"; VariantName = "[No Variations]"
Added Component: Designator=J4(IF-D95)
Add component (AddParameter): Name = "Category"; Value = "Fiber Optic Cables"; VariantName = "[No Variations]"
Add component (AddParameter): Name = "ComponentLink1Description"; Value = "https://datasheet.ciiva.com/2106/ifd95-2106550.pdf?src-supplier=Digi-Key"; VariantName = "[No Variations]"
Add component (AddParameter): Name = "ComponentLink1URL"; Value = "https://datasheet.ciiva.com/2106/ifd95-2106550.pdf?src-supplier=Digi-Key"; VariantName = "[No Variations]"
Add component (AddParameter): Name = "Data Rate"; Value = "125Kbps"; VariantName = "[No Variations]"
Add component (AddParameter): Name = "Lead Free"; Value = "Contains Lead"; VariantName = "[No Variations]"
Add component (AddParameter): Name = "Manufacturer"; Value = "Industrial Fiber Optics"; VariantName = "[No Variations]"
Add component (AddParameter): Name = "Manufacturer Part Number"; Value = "IF-D95T"; VariantName = "[No Variations]"
Add component (AddParameter): Name = "Operating Supply Current"; Value = "6mA"; VariantName = "[No Variations]"
Add component (AddParameter): Name = "Package Quantity"; Value = "50"; VariantName = "[No Variations]"
Add component (AddParameter): Name = "Rise Time"; Value = "70ns"; VariantName = "[No Variations]"
Add component (AddParameter): Name = "RoHS"; Value = "No"; VariantName = "[No Variations]"
Add component (AddParameter): Name = "Supplier 1"; Value = "Digi-Key"; VariantName = "[No Variations]"
Add component (AddParameter): Name = "Supplier Part Number 1"; Value = "FB123-ND"; VariantName = "[No Variations]"
Added Component: Designator=J5(IF-D95)
Add component (AddParameter): Name = "Category"; Value = "Fiber Optic Cables"; VariantName = "[No Variations]"
Add component (AddParameter): Name = "ComponentLink1Description"; Value = "https://datasheet.ciiva.com/2106/ifd95-2106550.pdf?src-supplier=Digi-Key"; VariantName = "[No Variations]"
Add component (AddParameter): Name = "ComponentLink1URL"; Value = "https://datasheet.ciiva.com/2106/ifd95-2106550.pdf?src-supplier=Digi-Key"; VariantName = "[No Variations]"
Add component (AddParameter): Name = "Data Rate"; Value = "125Kbps"; VariantName = "[No Variations]"
Add component (AddParameter): Name = "Lead Free"; Value = "Contains Lead"; VariantName = "[No Variations]"
Add component (AddParameter): Name = "Manufacturer"; Value = "Industrial Fiber Optics"; VariantName = "[No Variations]"
Add component (AddParameter): Name = "Manufacturer Part Number"; Value = "IF-D95T"; VariantName = "[No Variations]"
Add component (AddParameter): Name = "Operating Supply Current"; Value = "6mA"; VariantName = "[No Variations]"
Add component (AddParameter): Name = "Package Quantity"; Value = "50"; VariantName = "[No Variations]"
Add component (AddParameter): Name = "Rise Time"; Value = "70ns"; VariantName = "[No Variations]"
Add component (AddParameter): Name = "RoHS"; Value = "No"; VariantName = "[No Variations]"
Add component (AddParameter): Name = "Supplier 1"; Value = "Digi-Key"; VariantName = "[No Variations]"
Add component (AddParameter): Name = "Supplier Part Number 1"; Value = "FB123-ND"; VariantName = "[No Variations]"
Added Component: Designator=J6(16 pin receiver)
Added Component: Designator=J7(IF-D95)
Add component (AddParameter): Name = "Category"; Value = "Fiber Optic Cables"; VariantName = "[No Variations]"
Add component (AddParameter): Name = "ComponentLink1Description"; Value = "https://datasheet.ciiva.com/2106/ifd95-2106550.pdf?src-supplier=Digi-Key"; VariantName = "[No Variations]"
Add component (AddParameter): Name = "ComponentLink1URL"; Value = "https://datasheet.ciiva.com/2106/ifd95-2106550.pdf?src-supplier=Digi-Key"; VariantName = "[No Variations]"
Add component (AddParameter): Name = "Data Rate"; Value = "125Kbps"; VariantName = "[No Variations]"
Add component (AddParameter): Name = "Lead Free"; Value = "Contains Lead"; VariantName = "[No Variations]"
Add component (AddParameter): Name = "Manufacturer"; Value = "Industrial Fiber Optics"; VariantName = "[No Variations]"
Add component (AddParameter): Name = "Manufacturer Part Number"; Value = "IF-D95T"; VariantName = "[No Variations]"
Add component (AddParameter): Name = "Operating Supply Current"; Value = "6mA"; VariantName = "[No Variations]"
Add component (AddParameter): Name = "Package Quantity"; Value = "50"; VariantName = "[No Variations]"
Add component (AddParameter): Name = "Rise Time"; Value = "70ns"; VariantName = "[No Variations]"
Add component (AddParameter): Name = "RoHS"; Value = "No"; VariantName = "[No Variations]"
Add component (AddParameter): Name = "Supplier 1"; Value = "Digi-Key"; VariantName = "[No Variations]"
Add component (AddParameter): Name = "Supplier Part Number 1"; Value = "FB123-ND"; VariantName = "[No Variations]"
Added Component: Designator=J8(IF-D95)
Add component (AddParameter): Name = "Category"; Value = "Fiber Optic Cables"; VariantName = "[No Variations]"
Add component (AddParameter): Name = "ComponentLink1Description"; Value = "https://datasheet.ciiva.com/2106/ifd95-2106550.pdf?src-supplier=Digi-Key"; VariantName = "[No Variations]"
Add component (AddParameter): Name = "ComponentLink1URL"; Value = "https://datasheet.ciiva.com/2106/ifd95-2106550.pdf?src-supplier=Digi-Key"; VariantName = "[No Variations]"
Add component (AddParameter): Name = "Data Rate"; Value = "125Kbps"; VariantName = "[No Variations]"
Add component (AddParameter): Name = "Lead Free"; Value = "Contains Lead"; VariantName = "[No Variations]"
Add component (AddParameter): Name = "Manufacturer"; Value = "Industrial Fiber Optics"; VariantName = "[No Variations]"
Add component (AddParameter): Name = "Manufacturer Part Number"; Value = "IF-D95T"; VariantName = "[No Variations]"
Add component (AddParameter): Name = "Operating Supply Current"; Value = "6mA"; VariantName = "[No Variations]"
Add component (AddParameter): Name = "Package Quantity"; Value = "50"; VariantName = "[No Variations]"
Add component (AddParameter): Name = "Rise Time"; Value = "70ns"; VariantName = "[No Variations]"
Add component (AddParameter): Name = "RoHS"; Value = "No"; VariantName = "[No Variations]"
Add component (AddParameter): Name = "Supplier 1"; Value = "Digi-Key"; VariantName = "[No Variations]"
Add component (AddParameter): Name = "Supplier Part Number 1"; Value = "FB123-ND"; VariantName = "[No Variations]"
Added Component: Designator=J9(IF-D95)
Add component (AddParameter): Name = "Category"; Value = "Fiber Optic Cables"; VariantName = "[No Variations]"
Add component (AddParameter): Name = "ComponentLink1Description"; Value = "https://datasheet.ciiva.com/2106/ifd95-2106550.pdf?src-supplier=Digi-Key"; VariantName = "[No Variations]"
Add component (AddParameter): Name = "ComponentLink1URL"; Value = "https://datasheet.ciiva.com/2106/ifd95-2106550.pdf?src-supplier=Digi-Key"; VariantName = "[No Variations]"
Add component (AddParameter): Name = "Data Rate"; Value = "125Kbps"; VariantName = "[No Variations]"
Add component (AddParameter): Name = "Lead Free"; Value = "Contains Lead"; VariantName = "[No Variations]"
Add component (AddParameter): Name = "Manufacturer"; Value = "Industrial Fiber Optics"; VariantName = "[No Variations]"
Add component (AddParameter): Name = "Manufacturer Part Number"; Value = "IF-D95T"; VariantName = "[No Variations]"
Add component (AddParameter): Name = "Operating Supply Current"; Value = "6mA"; VariantName = "[No Variations]"
Add component (AddParameter): Name = "Package Quantity"; Value = "50"; VariantName = "[No Variations]"
Add component (AddParameter): Name = "Rise Time"; Value = "70ns"; VariantName = "[No Variations]"
Add component (AddParameter): Name = "RoHS"; Value = "No"; VariantName = "[No Variations]"
Add component (AddParameter): Name = "Supplier 1"; Value = "Digi-Key"; VariantName = "[No Variations]"
Add component (AddParameter): Name = "Supplier Part Number 1"; Value = "FB123-ND"; VariantName = "[No Variations]"
Added Component: Designator=J10(IF-D95)
Add component (AddParameter): Name = "Category"; Value = "Fiber Optic Cables"; VariantName = "[No Variations]"
Add component (AddParameter): Name = "ComponentLink1Description"; Value = "https://datasheet.ciiva.com/2106/ifd95-2106550.pdf?src-supplier=Digi-Key"; VariantName = "[No Variations]"
Add component (AddParameter): Name = "ComponentLink1URL"; Value = "https://datasheet.ciiva.com/2106/ifd95-2106550.pdf?src-supplier=Digi-Key"; VariantName = "[No Variations]"
Add component (AddParameter): Name = "Data Rate"; Value = "125Kbps"; VariantName = "[No Variations]"
Add component (AddParameter): Name = "Lead Free"; Value = "Contains Lead"; VariantName = "[No Variations]"
Add component (AddParameter): Name = "Manufacturer"; Value = "Industrial Fiber Optics"; VariantName = "[No Variations]"
Add component (AddParameter): Name = "Manufacturer Part Number"; Value = "IF-D95T"; VariantName = "[No Variations]"
Add component (AddParameter): Name = "Operating Supply Current"; Value = "6mA"; VariantName = "[No Variations]"
Add component (AddParameter): Name = "Package Quantity"; Value = "50"; VariantName = "[No Variations]"
Add component (AddParameter): Name = "Rise Time"; Value = "70ns"; VariantName = "[No Variations]"
Add component (AddParameter): Name = "RoHS"; Value = "No"; VariantName = "[No Variations]"
Add component (AddParameter): Name = "Supplier 1"; Value = "Digi-Key"; VariantName = "[No Variations]"
Add component (AddParameter): Name = "Supplier Part Number 1"; Value = "FB123-ND"; VariantName = "[No Variations]"
Added Component: Designator=J11(IF-D95)
Add component (AddParameter): Name = "Category"; Value = "Fiber Optic Cables"; VariantName = "[No Variations]"
Add component (AddParameter): Name = "ComponentLink1Description"; Value = "https://datasheet.ciiva.com/2106/ifd95-2106550.pdf?src-supplier=Digi-Key"; VariantName = "[No Variations]"
Add component (AddParameter): Name = "ComponentLink1URL"; Value = "https://datasheet.ciiva.com/2106/ifd95-2106550.pdf?src-supplier=Digi-Key"; VariantName = "[No Variations]"
Add component (AddParameter): Name = "Data Rate"; Value = "125Kbps"; VariantName = "[No Variations]"
Add component (AddParameter): Name = "Lead Free"; Value = "Contains Lead"; VariantName = "[No Variations]"
Add component (AddParameter): Name = "Manufacturer"; Value = "Industrial Fiber Optics"; VariantName = "[No Variations]"
Add component (AddParameter): Name = "Manufacturer Part Number"; Value = "IF-D95T"; VariantName = "[No Variations]"
Add component (AddParameter): Name = "Operating Supply Current"; Value = "6mA"; VariantName = "[No Variations]"
Add component (AddParameter): Name = "Package Quantity"; Value = "50"; VariantName = "[No Variations]"
Add component (AddParameter): Name = "Rise Time"; Value = "70ns"; VariantName = "[No Variations]"
Add component (AddParameter): Name = "RoHS"; Value = "No"; VariantName = "[No Variations]"
Add component (AddParameter): Name = "Supplier 1"; Value = "Digi-Key"; VariantName = "[No Variations]"
Add component (AddParameter): Name = "Supplier Part Number 1"; Value = "FB123-ND"; VariantName = "[No Variations]"
Added Component: Designator=P1(CONN_1054311102_MOL)
Add component (AddParameter): Name = "Category"; Value = "Connectors"; VariantName = "[No Variations]"
Add component (AddParameter): Name = "Manufacturer"; Value = "Molex"; VariantName = "[No Variations]"
Add component (AddParameter): Name = "Manufacturer Part Number"; Value = "1054311102"; VariantName = "[No Variations]"
Add component (AddParameter): Name = "Pricing 1"; Value = "1=2.05000, 10=1.85700, 100=1.59160 (USD)"; VariantName = "[No Variations]"
Add component (AddParameter): Name = "RoHS"; Value = "No"; VariantName = "[No Variations]"
Add component (AddParameter): Name = "Stock 1"; Value = "1192"; VariantName = "[No Variations]"
Add component (AddParameter): Name = "Supplier 1"; Value = "Digi-Key"; VariantName = "[No Variations]"
Add component (AddParameter): Name = "Supplier Part Number 1"; Value = "WM26073CT-ND"; VariantName = "[No Variations]"
Added Component: Designator=P2(CONN_1054311102_MOL)
Add component (AddParameter): Name = "Category"; Value = "Connectors"; VariantName = "[No Variations]"
Add component (AddParameter): Name = "Manufacturer"; Value = "Molex"; VariantName = "[No Variations]"
Add component (AddParameter): Name = "Manufacturer Part Number"; Value = "1054311102"; VariantName = "[No Variations]"
Add component (AddParameter): Name = "Pricing 1"; Value = "1=2.05000, 10=1.85700, 100=1.59160 (USD)"; VariantName = "[No Variations]"
Add component (AddParameter): Name = "RoHS"; Value = "No"; VariantName = "[No Variations]"
Add component (AddParameter): Name = "Stock 1"; Value = "1192"; VariantName = "[No Variations]"
Add component (AddParameter): Name = "Supplier 1"; Value = "Digi-Key"; VariantName = "[No Variations]"
Add component (AddParameter): Name = "Supplier Part Number 1"; Value = "WM26073CT-ND"; VariantName = "[No Variations]"
Added Component: Designator=P3(CONN_1054311102_MOL)
Add component (AddParameter): Name = "Category"; Value = "Connectors"; VariantName = "[No Variations]"
Add component (AddParameter): Name = "Manufacturer"; Value = "Molex"; VariantName = "[No Variations]"
Add component (AddParameter): Name = "Manufacturer Part Number"; Value = "1054311102"; VariantName = "[No Variations]"
Add component (AddParameter): Name = "Pricing 1"; Value = "1=2.05000, 10=1.85700, 100=1.59160 (USD)"; VariantName = "[No Variations]"
Add component (AddParameter): Name = "RoHS"; Value = "No"; VariantName = "[No Variations]"
Add component (AddParameter): Name = "Stock 1"; Value = "1192"; VariantName = "[No Variations]"
Add component (AddParameter): Name = "Supplier 1"; Value = "Digi-Key"; VariantName = "[No Variations]"
Add component (AddParameter): Name = "Supplier Part Number 1"; Value = "WM26073CT-ND"; VariantName = "[No Variations]"
Added Component: Designator=P4(CONN_1054311102_MOL)
Add component (AddParameter): Name = "Category"; Value = "Connectors"; VariantName = "[No Variations]"
Add component (AddParameter): Name = "Manufacturer"; Value = "Molex"; VariantName = "[No Variations]"
Add component (AddParameter): Name = "Manufacturer Part Number"; Value = "1054311102"; VariantName = "[No Variations]"
Add component (AddParameter): Name = "Pricing 1"; Value = "1=2.05000, 10=1.85700, 100=1.59160 (USD)"; VariantName = "[No Variations]"
Add component (AddParameter): Name = "RoHS"; Value = "No"; VariantName = "[No Variations]"
Add component (AddParameter): Name = "Stock 1"; Value = "1192"; VariantName = "[No Variations]"
Add component (AddParameter): Name = "Supplier 1"; Value = "Digi-Key"; VariantName = "[No Variations]"
Add component (AddParameter): Name = "Supplier Part Number 1"; Value = "WM26073CT-ND"; VariantName = "[No Variations]"
Added Component: Designator=P5(CONN_1054311102_MOL)
Add component (AddParameter): Name = "Category"; Value = "Connectors"; VariantName = "[No Variations]"
Add component (AddParameter): Name = "Manufacturer"; Value = "Molex"; VariantName = "[No Variations]"
Add component (AddParameter): Name = "Manufacturer Part Number"; Value = "1054311102"; VariantName = "[No Variations]"
Add component (AddParameter): Name = "Pricing 1"; Value = "1=2.05000, 10=1.85700, 100=1.59160 (USD)"; VariantName = "[No Variations]"
Add component (AddParameter): Name = "RoHS"; Value = "No"; VariantName = "[No Variations]"
Add component (AddParameter): Name = "Stock 1"; Value = "1192"; VariantName = "[No Variations]"
Add component (AddParameter): Name = "Supplier 1"; Value = "Digi-Key"; VariantName = "[No Variations]"
Add component (AddParameter): Name = "Supplier Part Number 1"; Value = "WM26073CT-ND"; VariantName = "[No Variations]"
Added Component: Designator=P6(CONN_1054311102_MOL)
Add component (AddParameter): Name = "Category"; Value = "Connectors"; VariantName = "[No Variations]"
Add component (AddParameter): Name = "Manufacturer"; Value = "Molex"; VariantName = "[No Variations]"
Add component (AddParameter): Name = "Manufacturer Part Number"; Value = "1054311102"; VariantName = "[No Variations]"
Add component (AddParameter): Name = "Pricing 1"; Value = "1=2.05000, 10=1.85700, 100=1.59160 (USD)"; VariantName = "[No Variations]"
Add component (AddParameter): Name = "RoHS"; Value = "No"; VariantName = "[No Variations]"
Add component (AddParameter): Name = "Stock 1"; Value = "1192"; VariantName = "[No Variations]"
Add component (AddParameter): Name = "Supplier 1"; Value = "Digi-Key"; VariantName = "[No Variations]"
Add component (AddParameter): Name = "Supplier Part Number 1"; Value = "WM26073CT-ND"; VariantName = "[No Variations]"
Added Component: Designator=P7(CONN_1054311102_MOL)
Add component (AddParameter): Name = "Category"; Value = "Connectors"; VariantName = "[No Variations]"
Add component (AddParameter): Name = "Manufacturer"; Value = "Molex"; VariantName = "[No Variations]"
Add component (AddParameter): Name = "Manufacturer Part Number"; Value = "1054311102"; VariantName = "[No Variations]"
Add component (AddParameter): Name = "Pricing 1"; Value = "1=2.05000, 10=1.85700, 100=1.59160 (USD)"; VariantName = "[No Variations]"
Add component (AddParameter): Name = "RoHS"; Value = "No"; VariantName = "[No Variations]"
Add component (AddParameter): Name = "Stock 1"; Value = "1192"; VariantName = "[No Variations]"
Add component (AddParameter): Name = "Supplier 1"; Value = "Digi-Key"; VariantName = "[No Variations]"
Add component (AddParameter): Name = "Supplier Part Number 1"; Value = "WM26073CT-ND"; VariantName = "[No Variations]"
Added Component: Designator=P8(CONN_1054311102_MOL)
Add component (AddParameter): Name = "Category"; Value = "Connectors"; VariantName = "[No Variations]"
Add component (AddParameter): Name = "Manufacturer"; Value = "Molex"; VariantName = "[No Variations]"
Add component (AddParameter): Name = "Manufacturer Part Number"; Value = "1054311102"; VariantName = "[No Variations]"
Add component (AddParameter): Name = "Pricing 1"; Value = "1=2.05000, 10=1.85700, 100=1.59160 (USD)"; VariantName = "[No Variations]"
Add component (AddParameter): Name = "RoHS"; Value = "No"; VariantName = "[No Variations]"
Add component (AddParameter): Name = "Stock 1"; Value = "1192"; VariantName = "[No Variations]"
Add component (AddParameter): Name = "Supplier 1"; Value = "Digi-Key"; VariantName = "[No Variations]"
Add component (AddParameter): Name = "Supplier Part Number 1"; Value = "WM26073CT-ND"; VariantName = "[No Variations]"
Added Component: Designator=P9(CONN_1054311102_MOL)
Add component (AddParameter): Name = "Category"; Value = "Connectors"; VariantName = "[No Variations]"
Add component (AddParameter): Name = "Manufacturer"; Value = "Molex"; VariantName = "[No Variations]"
Add component (AddParameter): Name = "Manufacturer Part Number"; Value = "1054311102"; VariantName = "[No Variations]"
Add component (AddParameter): Name = "Pricing 1"; Value = "1=2.05000, 10=1.85700, 100=1.59160 (USD)"; VariantName = "[No Variations]"
Add component (AddParameter): Name = "RoHS"; Value = "No"; VariantName = "[No Variations]"
Add component (AddParameter): Name = "Stock 1"; Value = "1192"; VariantName = "[No Variations]"
Add component (AddParameter): Name = "Supplier 1"; Value = "Digi-Key"; VariantName = "[No Variations]"
Add component (AddParameter): Name = "Supplier Part Number 1"; Value = "WM26073CT-ND"; VariantName = "[No Variations]"
Added Component: Designator=P10(CONN_1054311102_MOL)
Add component (AddParameter): Name = "Category"; Value = "Connectors"; VariantName = "[No Variations]"
Add component (AddParameter): Name = "Manufacturer"; Value = "Molex"; VariantName = "[No Variations]"
Add component (AddParameter): Name = "Manufacturer Part Number"; Value = "1054311102"; VariantName = "[No Variations]"
Add component (AddParameter): Name = "Pricing 1"; Value = "1=2.05000, 10=1.85700, 100=1.59160 (USD)"; VariantName = "[No Variations]"
Add component (AddParameter): Name = "RoHS"; Value = "No"; VariantName = "[No Variations]"
Add component (AddParameter): Name = "Stock 1"; Value = "1192"; VariantName = "[No Variations]"
Add component (AddParameter): Name = "Supplier 1"; Value = "Digi-Key"; VariantName = "[No Variations]"
Add component (AddParameter): Name = "Supplier Part Number 1"; Value = "WM26073CT-ND"; VariantName = "[No Variations]"
Added Component: Designator=P11(CONN_1054311102_MOL)
Add component (AddParameter): Name = "Category"; Value = "Connectors"; VariantName = "[No Variations]"
Add component (AddParameter): Name = "Manufacturer"; Value = "Molex"; VariantName = "[No Variations]"
Add component (AddParameter): Name = "Manufacturer Part Number"; Value = "1054311102"; VariantName = "[No Variations]"
Add component (AddParameter): Name = "Pricing 1"; Value = "1=2.05000, 10=1.85700, 100=1.59160 (USD)"; VariantName = "[No Variations]"
Add component (AddParameter): Name = "RoHS"; Value = "No"; VariantName = "[No Variations]"
Add component (AddParameter): Name = "Stock 1"; Value = "1192"; VariantName = "[No Variations]"
Add component (AddParameter): Name = "Supplier 1"; Value = "Digi-Key"; VariantName = "[No Variations]"
Add component (AddParameter): Name = "Supplier Part Number 1"; Value = "WM26073CT-ND"; VariantName = "[No Variations]"
Added Component: Designator=P12(CONN_1054311102_MOL)
Add component (AddParameter): Name = "Category"; Value = "Connectors"; VariantName = "[No Variations]"
Add component (AddParameter): Name = "Manufacturer"; Value = "Molex"; VariantName = "[No Variations]"
Add component (AddParameter): Name = "Manufacturer Part Number"; Value = "1054311102"; VariantName = "[No Variations]"
Add component (AddParameter): Name = "Pricing 1"; Value = "1=2.05000, 10=1.85700, 100=1.59160 (USD)"; VariantName = "[No Variations]"
Add component (AddParameter): Name = "RoHS"; Value = "No"; VariantName = "[No Variations]"
Add component (AddParameter): Name = "Stock 1"; Value = "1192"; VariantName = "[No Variations]"
Add component (AddParameter): Name = "Supplier 1"; Value = "Digi-Key"; VariantName = "[No Variations]"
Add component (AddParameter): Name = "Supplier Part Number 1"; Value = "WM26073CT-ND"; VariantName = "[No Variations]"
Added Component: Designator=P13(CONN_1054311102_MOL)
Add component (AddParameter): Name = "Category"; Value = "Connectors"; VariantName = "[No Variations]"
Add component (AddParameter): Name = "Manufacturer"; Value = "Molex"; VariantName = "[No Variations]"
Add component (AddParameter): Name = "Manufacturer Part Number"; Value = "1054311102"; VariantName = "[No Variations]"
Add component (AddParameter): Name = "Pricing 1"; Value = "1=2.05000, 10=1.85700, 100=1.59160 (USD)"; VariantName = "[No Variations]"
Add component (AddParameter): Name = "RoHS"; Value = "No"; VariantName = "[No Variations]"
Add component (AddParameter): Name = "Stock 1"; Value = "1192"; VariantName = "[No Variations]"
Add component (AddParameter): Name = "Supplier 1"; Value = "Digi-Key"; VariantName = "[No Variations]"
Add component (AddParameter): Name = "Supplier Part Number 1"; Value = "WM26073CT-ND"; VariantName = "[No Variations]"
Added Component: Designator=P14(CONN_1054311102_MOL)
Add component (AddParameter): Name = "Category"; Value = "Connectors"; VariantName = "[No Variations]"
Add component (AddParameter): Name = "Manufacturer"; Value = "Molex"; VariantName = "[No Variations]"
Add component (AddParameter): Name = "Manufacturer Part Number"; Value = "1054311102"; VariantName = "[No Variations]"
Add component (AddParameter): Name = "Pricing 1"; Value = "1=2.05000, 10=1.85700, 100=1.59160 (USD)"; VariantName = "[No Variations]"
Add component (AddParameter): Name = "RoHS"; Value = "No"; VariantName = "[No Variations]"
Add component (AddParameter): Name = "Stock 1"; Value = "1192"; VariantName = "[No Variations]"
Add component (AddParameter): Name = "Supplier 1"; Value = "Digi-Key"; VariantName = "[No Variations]"
Add component (AddParameter): Name = "Supplier Part Number 1"; Value = "WM26073CT-ND"; VariantName = "[No Variations]"
Added Component: Designator=P15(CONN_1054311102_MOL)
Add component (AddParameter): Name = "Category"; Value = "Connectors"; VariantName = "[No Variations]"
Add component (AddParameter): Name = "Manufacturer"; Value = "Molex"; VariantName = "[No Variations]"
Add component (AddParameter): Name = "Manufacturer Part Number"; Value = "1054311102"; VariantName = "[No Variations]"
Add component (AddParameter): Name = "Pricing 1"; Value = "1=2.05000, 10=1.85700, 100=1.59160 (USD)"; VariantName = "[No Variations]"
Add component (AddParameter): Name = "RoHS"; Value = "No"; VariantName = "[No Variations]"
Add component (AddParameter): Name = "Stock 1"; Value = "1192"; VariantName = "[No Variations]"
Add component (AddParameter): Name = "Supplier 1"; Value = "Digi-Key"; VariantName = "[No Variations]"
Add component (AddParameter): Name = "Supplier Part Number 1"; Value = "WM26073CT-ND"; VariantName = "[No Variations]"
Added Component: Designator=P16(CONN_1054311102_MOL)
Add component (AddParameter): Name = "Category"; Value = "Connectors"; VariantName = "[No Variations]"
Add component (AddParameter): Name = "Manufacturer"; Value = "Molex"; VariantName = "[No Variations]"
Add component (AddParameter): Name = "Manufacturer Part Number"; Value = "1054311102"; VariantName = "[No Variations]"
Add component (AddParameter): Name = "Pricing 1"; Value = "1=2.05000, 10=1.85700, 100=1.59160 (USD)"; VariantName = "[No Variations]"
Add component (AddParameter): Name = "RoHS"; Value = "No"; VariantName = "[No Variations]"
Add component (AddParameter): Name = "Stock 1"; Value = "1192"; VariantName = "[No Variations]"
Add component (AddParameter): Name = "Supplier 1"; Value = "Digi-Key"; VariantName = "[No Variations]"
Add component (AddParameter): Name = "Supplier Part Number 1"; Value = "WM26073CT-ND"; VariantName = "[No Variations]"
Added Component: Designator=P17(CONN_1054311102_MOL)
Add component (AddParameter): Name = "Category"; Value = "Connectors"; VariantName = "[No Variations]"
Add component (AddParameter): Name = "Manufacturer"; Value = "Molex"; VariantName = "[No Variations]"
Add component (AddParameter): Name = "Manufacturer Part Number"; Value = "1054311102"; VariantName = "[No Variations]"
Add component (AddParameter): Name = "Pricing 1"; Value = "1=2.05000, 10=1.85700, 100=1.59160 (USD)"; VariantName = "[No Variations]"
Add component (AddParameter): Name = "RoHS"; Value = "No"; VariantName = "[No Variations]"
Add component (AddParameter): Name = "Stock 1"; Value = "1192"; VariantName = "[No Variations]"
Add component (AddParameter): Name = "Supplier 1"; Value = "Digi-Key"; VariantName = "[No Variations]"
Add component (AddParameter): Name = "Supplier Part Number 1"; Value = "WM26073CT-ND"; VariantName = "[No Variations]"
Added Component: Designator=P18(CONN_1054311102_MOL)
Add component (AddParameter): Name = "Category"; Value = "Connectors"; VariantName = "[No Variations]"
Add component (AddParameter): Name = "Manufacturer"; Value = "Molex"; VariantName = "[No Variations]"
Add component (AddParameter): Name = "Manufacturer Part Number"; Value = "1054311102"; VariantName = "[No Variations]"
Add component (AddParameter): Name = "Pricing 1"; Value = "1=2.05000, 10=1.85700, 100=1.59160 (USD)"; VariantName = "[No Variations]"
Add component (AddParameter): Name = "RoHS"; Value = "No"; VariantName = "[No Variations]"
Add component (AddParameter): Name = "Stock 1"; Value = "1192"; VariantName = "[No Variations]"
Add component (AddParameter): Name = "Supplier 1"; Value = "Digi-Key"; VariantName = "[No Variations]"
Add component (AddParameter): Name = "Supplier Part Number 1"; Value = "WM26073CT-ND"; VariantName = "[No Variations]"
Added Component: Designator=P19(CONN_1054311102_MOL)
Add component (AddParameter): Name = "Category"; Value = "Connectors"; VariantName = "[No Variations]"
Add component (AddParameter): Name = "Manufacturer"; Value = "Molex"; VariantName = "[No Variations]"
Add component (AddParameter): Name = "Manufacturer Part Number"; Value = "1054311102"; VariantName = "[No Variations]"
Add component (AddParameter): Name = "Pricing 1"; Value = "1=2.05000, 10=1.85700, 100=1.59160 (USD)"; VariantName = "[No Variations]"
Add component (AddParameter): Name = "RoHS"; Value = "No"; VariantName = "[No Variations]"
Add component (AddParameter): Name = "Stock 1"; Value = "1192"; VariantName = "[No Variations]"
Add component (AddParameter): Name = "Supplier 1"; Value = "Digi-Key"; VariantName = "[No Variations]"
Add component (AddParameter): Name = "Supplier Part Number 1"; Value = "WM26073CT-ND"; VariantName = "[No Variations]"
Added Component: Designator=P20(CONN_1054311102_MOL)
Add component (AddParameter): Name = "Category"; Value = "Connectors"; VariantName = "[No Variations]"
Add component (AddParameter): Name = "Manufacturer"; Value = "Molex"; VariantName = "[No Variations]"
Add component (AddParameter): Name = "Manufacturer Part Number"; Value = "1054311102"; VariantName = "[No Variations]"
Add component (AddParameter): Name = "Pricing 1"; Value = "1=2.05000, 10=1.85700, 100=1.59160 (USD)"; VariantName = "[No Variations]"
Add component (AddParameter): Name = "RoHS"; Value = "No"; VariantName = "[No Variations]"
Add component (AddParameter): Name = "Stock 1"; Value = "1192"; VariantName = "[No Variations]"
Add component (AddParameter): Name = "Supplier 1"; Value = "Digi-Key"; VariantName = "[No Variations]"
Add component (AddParameter): Name = "Supplier Part Number 1"; Value = "WM26073CT-ND"; VariantName = "[No Variations]"
Added Component: Designator=P21(CONN_1054311102_MOL)
Add component (AddParameter): Name = "Category"; Value = "Connectors"; VariantName = "[No Variations]"
Add component (AddParameter): Name = "Manufacturer"; Value = "Molex"; VariantName = "[No Variations]"
Add component (AddParameter): Name = "Manufacturer Part Number"; Value = "1054311102"; VariantName = "[No Variations]"
Add component (AddParameter): Name = "Pricing 1"; Value = "1=2.05000, 10=1.85700, 100=1.59160 (USD)"; VariantName = "[No Variations]"
Add component (AddParameter): Name = "RoHS"; Value = "No"; VariantName = "[No Variations]"
Add component (AddParameter): Name = "Stock 1"; Value = "1192"; VariantName = "[No Variations]"
Add component (AddParameter): Name = "Supplier 1"; Value = "Digi-Key"; VariantName = "[No Variations]"
Add component (AddParameter): Name = "Supplier Part Number 1"; Value = "WM26073CT-ND"; VariantName = "[No Variations]"
Added Component: Designator=P22(CONN_1054311102_MOL)
Add component (AddParameter): Name = "Category"; Value = "Connectors"; VariantName = "[No Variations]"
Add component (AddParameter): Name = "Manufacturer"; Value = "Molex"; VariantName = "[No Variations]"
Add component (AddParameter): Name = "Manufacturer Part Number"; Value = "1054311102"; VariantName = "[No Variations]"
Add component (AddParameter): Name = "Pricing 1"; Value = "1=2.05000, 10=1.85700, 100=1.59160 (USD)"; VariantName = "[No Variations]"
Add component (AddParameter): Name = "RoHS"; Value = "No"; VariantName = "[No Variations]"
Add component (AddParameter): Name = "Stock 1"; Value = "1192"; VariantName = "[No Variations]"
Add component (AddParameter): Name = "Supplier 1"; Value = "Digi-Key"; VariantName = "[No Variations]"
Add component (AddParameter): Name = "Supplier Part Number 1"; Value = "WM26073CT-ND"; VariantName = "[No Variations]"
Added Component: Designator=P23(CONN_1054311102_MOL)
Add component (AddParameter): Name = "Category"; Value = "Connectors"; VariantName = "[No Variations]"
Add component (AddParameter): Name = "Manufacturer"; Value = "Molex"; VariantName = "[No Variations]"
Add component (AddParameter): Name = "Manufacturer Part Number"; Value = "1054311102"; VariantName = "[No Variations]"
Add component (AddParameter): Name = "Pricing 1"; Value = "1=2.05000, 10=1.85700, 100=1.59160 (USD)"; VariantName = "[No Variations]"
Add component (AddParameter): Name = "RoHS"; Value = "No"; VariantName = "[No Variations]"
Add component (AddParameter): Name = "Stock 1"; Value = "1192"; VariantName = "[No Variations]"
Add component (AddParameter): Name = "Supplier 1"; Value = "Digi-Key"; VariantName = "[No Variations]"
Add component (AddParameter): Name = "Supplier Part Number 1"; Value = "WM26073CT-ND"; VariantName = "[No Variations]"
Added Component: Designator=P24(CONN_1054311102_MOL)
Add component (AddParameter): Name = "Category"; Value = "Connectors"; VariantName = "[No Variations]"
Add component (AddParameter): Name = "Manufacturer"; Value = "Molex"; VariantName = "[No Variations]"
Add component (AddParameter): Name = "Manufacturer Part Number"; Value = "1054311102"; VariantName = "[No Variations]"
Add component (AddParameter): Name = "Pricing 1"; Value = "1=2.05000, 10=1.85700, 100=1.59160 (USD)"; VariantName = "[No Variations]"
Add component (AddParameter): Name = "RoHS"; Value = "No"; VariantName = "[No Variations]"
Add component (AddParameter): Name = "Stock 1"; Value = "1192"; VariantName = "[No Variations]"
Add component (AddParameter): Name = "Supplier 1"; Value = "Digi-Key"; VariantName = "[No Variations]"
Add component (AddParameter): Name = "Supplier Part Number 1"; Value = "WM26073CT-ND"; VariantName = "[No Variations]"
Added Component: Designator=U1(CPC1002N)
Added Component: Designator=U2(CPC1002N)
Added Component: Designator=U3(CPC1002N)
Added Component: Designator=U4(CPC1002N)
Added Component: Designator=U5(CPC1002N)
Added Component: Designator=U6(CPC1002N)
Added Component: Designator=U7(CPC1002N)
Added Component: Designator=U8(CPC1002N)
Added Component: Designator=U9(CPC1002N)
Added Component: Designator=U10(CPC1002N)
Added Component: Designator=U11(CPC1002N)
Added Component: Designator=U12(CPC1002N)
Added Component: Designator=U13(CPC1002N)
Added Component: Designator=U14(CPC1002N)
Added Component: Designator=U15(CPC1002N)
Added Component: Designator=U16(CPC1002N)
Added Component: Designator=U17(CPC1002N)
Added Component: Designator=U18(CPC1002N)
Added Component: Designator=U19(CPC1002N)
Added Component: Designator=U20(CPC1002N)
Added Component: Designator=U21(CPC1002N)
Added Component: Designator=U22(CPC1002N)
Added Component: Designator=U23(CPC1002N)
Added Component: Designator=U24(CPC1002N)
Added Pin To Net: NetName=+12V Pin=J1-3
Added Pin To Net: NetName=+12V Pin=J2-3
Added Pin To Net: NetName=+12V Pin=J3-3
Added Pin To Net: NetName=+12V Pin=J4-3
Added Pin To Net: NetName=+12V Pin=J5-3
Added Pin To Net: NetName=+12V Pin=J6-15
Added Pin To Net: NetName=+12V Pin=J7-3
Added Pin To Net: NetName=+12V Pin=J8-3
Added Pin To Net: NetName=+12V Pin=J9-3
Added Pin To Net: NetName=+12V Pin=J10-3
Added Pin To Net: NetName=+12V Pin=J11-3
Added Pin To Net: NetName=+12V Pin=U1-4
Added Pin To Net: NetName=+12V Pin=U2-4
Added Pin To Net: NetName=+12V Pin=U3-4
Added Pin To Net: NetName=+12V Pin=U4-4
Added Pin To Net: NetName=+12V Pin=U5-4
Added Pin To Net: NetName=+12V Pin=U6-4
Added Pin To Net: NetName=+12V Pin=U7-4
Added Pin To Net: NetName=+12V Pin=U8-4
Added Pin To Net: NetName=+12V Pin=U9-4
Added Pin To Net: NetName=+12V Pin=U10-4
Added Pin To Net: NetName=+12V Pin=U11-4
Added Pin To Net: NetName=+12V Pin=U12-4
Added Pin To Net: NetName=+12V Pin=U13-4
Added Pin To Net: NetName=+12V Pin=U14-4
Added Pin To Net: NetName=+12V Pin=U15-4
Added Pin To Net: NetName=+12V Pin=U16-4
Added Pin To Net: NetName=+12V Pin=U17-4
Added Pin To Net: NetName=+12V Pin=U18-4
Added Pin To Net: NetName=+12V Pin=U19-4
Added Pin To Net: NetName=+12V Pin=U20-4
Added Pin To Net: NetName=+12V Pin=U21-4
Added Pin To Net: NetName=+12V Pin=U22-4
Added Pin To Net: NetName=+12V Pin=U23-4
Added Pin To Net: NetName=+12V Pin=U24-4
Added Net: Name=+12V
Added Pin To Net: NetName=-12V Pin=J1-1
Added Pin To Net: NetName=-12V Pin=J2-1
Added Pin To Net: NetName=-12V Pin=J3-1
Added Pin To Net: NetName=-12V Pin=J4-1
Added Pin To Net: NetName=-12V Pin=J5-1
Added Pin To Net: NetName=-12V Pin=J6-16
Added Pin To Net: NetName=-12V Pin=J7-1
Added Pin To Net: NetName=-12V Pin=J8-1
Added Pin To Net: NetName=-12V Pin=J9-1
Added Pin To Net: NetName=-12V Pin=J10-1
Added Pin To Net: NetName=-12V Pin=J11-1
Added Pin To Net: NetName=-12V Pin=P1-2
Added Pin To Net: NetName=-12V Pin=P2-2
Added Pin To Net: NetName=-12V Pin=P3-2
Added Pin To Net: NetName=-12V Pin=P4-2
Added Pin To Net: NetName=-12V Pin=P5-2
Added Pin To Net: NetName=-12V Pin=P6-2
Added Pin To Net: NetName=-12V Pin=P7-2
Added Pin To Net: NetName=-12V Pin=P8-2
Added Pin To Net: NetName=-12V Pin=P9-2
Added Pin To Net: NetName=-12V Pin=P10-2
Added Pin To Net: NetName=-12V Pin=P11-2
Added Pin To Net: NetName=-12V Pin=P12-2
Added Pin To Net: NetName=-12V Pin=P13-2
Added Pin To Net: NetName=-12V Pin=P14-2
Added Pin To Net: NetName=-12V Pin=P15-2
Added Pin To Net: NetName=-12V Pin=P16-2
Added Pin To Net: NetName=-12V Pin=P17-2
Added Pin To Net: NetName=-12V Pin=P18-2
Added Pin To Net: NetName=-12V Pin=P19-2
Added Pin To Net: NetName=-12V Pin=P20-2
Added Pin To Net: NetName=-12V Pin=P21-2
Added Pin To Net: NetName=-12V Pin=P22-2
Added Pin To Net: NetName=-12V Pin=P23-2
Added Pin To Net: NetName=-12V Pin=P24-2
Added Pin To Net: NetName=-12V Pin=U1-2
Added Pin To Net: NetName=-12V Pin=U2-2
Added Pin To Net: NetName=-12V Pin=U3-2
Added Pin To Net: NetName=-12V Pin=U4-2
Added Pin To Net: NetName=-12V Pin=U5-2
Added Pin To Net: NetName=-12V Pin=U6-2
Added Pin To Net: NetName=-12V Pin=U7-2
Added Pin To Net: NetName=-12V Pin=U8-2
Added Pin To Net: NetName=-12V Pin=U9-2
Added Pin To Net: NetName=-12V Pin=U10-2
Added Pin To Net: NetName=-12V Pin=U11-2
Added Pin To Net: NetName=-12V Pin=U12-2
Added Pin To Net: NetName=-12V Pin=U13-2
Added Pin To Net: NetName=-12V Pin=U14-2
Added Pin To Net: NetName=-12V Pin=U15-2
Added Pin To Net: NetName=-12V Pin=U16-2
Added Pin To Net: NetName=-12V Pin=U17-2
Added Pin To Net: NetName=-12V Pin=U18-2
Added Pin To Net: NetName=-12V Pin=U19-2
Added Pin To Net: NetName=-12V Pin=U20-2
Added Pin To Net: NetName=-12V Pin=U21-2
Added Pin To Net: NetName=-12V Pin=U22-2
Added Pin To Net: NetName=-12V Pin=U23-2
Added Pin To Net: NetName=-12V Pin=U24-2
Added Net: Name=-12V
Added Pin To Net: NetName=BIAS_1 Pin=P1-1
Added Pin To Net: NetName=BIAS_1 Pin=U1-3
Added Net: Name=BIAS_1
Added Pin To Net: NetName=BIAS_2 Pin=P2-1
Added Pin To Net: NetName=BIAS_2 Pin=U2-3
Added Net: Name=BIAS_2
Added Pin To Net: NetName=BIAS_3 Pin=P3-1
Added Pin To Net: NetName=BIAS_3 Pin=U8-3
Added Net: Name=BIAS_3
Added Pin To Net: NetName=BIAS_4 Pin=P4-1
Added Pin To Net: NetName=BIAS_4 Pin=U9-3
Added Net: Name=BIAS_4
Added Pin To Net: NetName=BIAS_5 Pin=P5-1
Added Pin To Net: NetName=BIAS_5 Pin=U10-3
Added Net: Name=BIAS_5
Added Pin To Net: NetName=BIAS_6 Pin=P11-1
Added Pin To Net: NetName=BIAS_6 Pin=U11-3
Added Net: Name=BIAS_6
Added Pin To Net: NetName=BIAS_7 Pin=P12-1
Added Pin To Net: NetName=BIAS_7 Pin=U12-3
Added Net: Name=BIAS_7
Added Pin To Net: NetName=BIAS_8 Pin=P18-1
Added Pin To Net: NetName=BIAS_8 Pin=U13-3
Added Net: Name=BIAS_8
Added Pin To Net: NetName=BIAS_9 Pin=P19-1
Added Pin To Net: NetName=BIAS_9 Pin=U19-3
Added Net: Name=BIAS_9
Added Pin To Net: NetName=BIAS_10 Pin=P20-1
Added Pin To Net: NetName=BIAS_10 Pin=U20-3
Added Net: Name=BIAS_10
Added Pin To Net: NetName=BIAS_11 Pin=P21-1
Added Pin To Net: NetName=BIAS_11 Pin=U21-3
Added Net: Name=BIAS_11
Added Pin To Net: NetName=BIAS_12 Pin=P22-1
Added Pin To Net: NetName=BIAS_12 Pin=U22-3
Added Net: Name=BIAS_12
Added Pin To Net: NetName=BIAS_13 Pin=P23-1
Added Pin To Net: NetName=BIAS_13 Pin=U23-3
Added Net: Name=BIAS_13
Added Pin To Net: NetName=BIAS_14 Pin=P24-1
Added Pin To Net: NetName=BIAS_14 Pin=U24-3
Added Net: Name=BIAS_14
Added Pin To Net: NetName=BIAS_15 Pin=P6-1
Added Pin To Net: NetName=BIAS_15 Pin=U3-3
Added Net: Name=BIAS_15
Added Pin To Net: NetName=BIAS_16 Pin=P7-1
Added Pin To Net: NetName=BIAS_16 Pin=U4-3
Added Net: Name=BIAS_16
Added Pin To Net: NetName=BIAS_17 Pin=P8-1
Added Pin To Net: NetName=BIAS_17 Pin=U5-3
Added Net: Name=BIAS_17
Added Pin To Net: NetName=BIAS_18 Pin=P9-1
Added Pin To Net: NetName=BIAS_18 Pin=U6-3
Added Net: Name=BIAS_18
Added Pin To Net: NetName=BIAS_19 Pin=P10-1
Added Pin To Net: NetName=BIAS_19 Pin=U7-3
Added Net: Name=BIAS_19
Added Pin To Net: NetName=BIAS_20 Pin=P13-1
Added Pin To Net: NetName=BIAS_20 Pin=U14-3
Added Net: Name=BIAS_20
Added Pin To Net: NetName=BIAS_21 Pin=P14-1
Added Pin To Net: NetName=BIAS_21 Pin=U15-3
Added Net: Name=BIAS_21
Added Pin To Net: NetName=BIAS_22 Pin=P15-1
Added Pin To Net: NetName=BIAS_22 Pin=U16-3
Added Net: Name=BIAS_22
Added Pin To Net: NetName=BIAS_23 Pin=P16-1
Added Pin To Net: NetName=BIAS_23 Pin=U17-3
Added Net: Name=BIAS_23
Added Pin To Net: NetName=BIAS_24 Pin=P17-1
Added Pin To Net: NetName=BIAS_24 Pin=U18-3
Added Net: Name=BIAS_24
Added Pin To Net: NetName=DIG_1 Pin=J6-13
Added Pin To Net: NetName=DIG_1 Pin=U1-1
Added Net: Name=DIG_1
Added Pin To Net: NetName=DIG_2 Pin=J6-11
Added Pin To Net: NetName=DIG_2 Pin=U2-1
Added Net: Name=DIG_2
Added Pin To Net: NetName=DIG_3 Pin=J6-09
Added Pin To Net: NetName=DIG_3 Pin=U8-1
Added Net: Name=DIG_3
Added Pin To Net: NetName=DIG_4 Pin=J6-07
Added Pin To Net: NetName=DIG_4 Pin=U9-1
Added Net: Name=DIG_4
Added Pin To Net: NetName=DIG_5 Pin=J6-05
Added Pin To Net: NetName=DIG_5 Pin=U10-1
Added Net: Name=DIG_5
Added Pin To Net: NetName=DIG_6 Pin=J6-03
Added Pin To Net: NetName=DIG_6 Pin=U11-1
Added Net: Name=DIG_6
Added Pin To Net: NetName=DIG_7 Pin=J6-01
Added Pin To Net: NetName=DIG_7 Pin=U12-1
Added Net: Name=DIG_7
Added Pin To Net: NetName=DIG_8 Pin=J6-02
Added Pin To Net: NetName=DIG_8 Pin=U13-1
Added Net: Name=DIG_8
Added Pin To Net: NetName=DIG_9 Pin=J6-04
Added Pin To Net: NetName=DIG_9 Pin=U19-1
Added Net: Name=DIG_9
Added Pin To Net: NetName=DIG_10 Pin=J6-06
Added Pin To Net: NetName=DIG_10 Pin=U20-1
Added Net: Name=DIG_10
Added Pin To Net: NetName=DIG_11 Pin=J6-08
Added Pin To Net: NetName=DIG_11 Pin=U21-1
Added Net: Name=DIG_11
Added Pin To Net: NetName=DIG_12 Pin=J6-10
Added Pin To Net: NetName=DIG_12 Pin=U22-1
Added Net: Name=DIG_12
Added Pin To Net: NetName=DIG_13 Pin=J6-12
Added Pin To Net: NetName=DIG_13 Pin=U23-1
Added Net: Name=DIG_13
Added Pin To Net: NetName=DIG_14 Pin=J6-14
Added Pin To Net: NetName=DIG_14 Pin=U24-1
Added Net: Name=DIG_14
Added Pin To Net: NetName=DIG_15 Pin=J1-2
Added Pin To Net: NetName=DIG_15 Pin=U3-1
Added Net: Name=DIG_15
Added Pin To Net: NetName=DIG_16 Pin=J2-2
Added Pin To Net: NetName=DIG_16 Pin=U4-1
Added Net: Name=DIG_16
Added Pin To Net: NetName=DIG_17 Pin=J3-2
Added Pin To Net: NetName=DIG_17 Pin=U5-1
Added Net: Name=DIG_17
Added Pin To Net: NetName=DIG_18 Pin=J4-2
Added Pin To Net: NetName=DIG_18 Pin=U6-1
Added Net: Name=DIG_18
Added Pin To Net: NetName=DIG_19 Pin=J5-2
Added Pin To Net: NetName=DIG_19 Pin=U7-1
Added Net: Name=DIG_19
Added Pin To Net: NetName=DIG_20 Pin=J7-2
Added Pin To Net: NetName=DIG_20 Pin=U14-1
Added Net: Name=DIG_20
Added Pin To Net: NetName=DIG_21 Pin=J8-2
Added Pin To Net: NetName=DIG_21 Pin=U15-1
Added Net: Name=DIG_21
Added Pin To Net: NetName=DIG_22 Pin=J9-2
Added Pin To Net: NetName=DIG_22 Pin=U16-1
Added Net: Name=DIG_22
Added Pin To Net: NetName=DIG_23 Pin=J10-2
Added Pin To Net: NetName=DIG_23 Pin=U17-1
Added Net: Name=DIG_23
Added Pin To Net: NetName=DIG_24 Pin=J11-2
Added Pin To Net: NetName=DIG_24 Pin=U18-1
Added Net: Name=DIG_24
Added Class: Name=top_schem
Added Room: Name=top_schem
