Removed Pin From Net: NetName=DIG_7 Pin=J6-01
Removed Pin From Net: NetName=DIG_8 Pin=J6-02
Removed Pin From Net: NetName=DIG_6 Pin=J6-03
Removed Pin From Net: NetName=DIG_9 Pin=J6-04
Removed Pin From Net: NetName=DIG_5 Pin=J6-05
Removed Pin From Net: NetName=DIG_10 Pin=J6-06
Removed Pin From Net: NetName=DIG_4 Pin=J6-07
Removed Pin From Net: NetName=DIG_11 Pin=J6-08
Removed Pin From Net: NetName=DIG_3 Pin=J6-09
Removed Pin From Net: NetName=DIG_12 Pin=J6-10
Removed Pin From Net: NetName=DIG_2 Pin=J6-11
Removed Pin From Net: NetName=DIG_13 Pin=J6-12
Removed Pin From Net: NetName=DIG_1 Pin=J6-13
Removed Pin From Net: NetName=DIG_14 Pin=J6-14
Removed Pin From Net: NetName=+12V Pin=J6-15
Removed Pin From Net: NetName=-12V Pin=J6-16
Change Component Footprint: Designator=J6 Old Footprint=16 PIN RECEIVER New Footprint=16 pin header
Change Component Comment : Designator=J6 Old Comment=HW-08-08-F-D-330-SM New Comment=SSM-108-X-DV
Added Pin To Net: NetName=-12V Pin=J6-01
Added Pin To Net: NetName=+12V Pin=J6-02
Added Pin To Net: NetName=DIG_14 Pin=J6-03
Added Pin To Net: NetName=DIG_1 Pin=J6-04
Added Pin To Net: NetName=DIG_13 Pin=J6-05
Added Pin To Net: NetName=DIG_2 Pin=J6-06
Added Pin To Net: NetName=DIG_12 Pin=J6-07
Added Pin To Net: NetName=DIG_3 Pin=J6-08
Added Pin To Net: NetName=DIG_11 Pin=J6-09
Added Pin To Net: NetName=DIG_4 Pin=J6-10
Added Pin To Net: NetName=DIG_10 Pin=J6-11
Added Pin To Net: NetName=DIG_5 Pin=J6-12
Added Pin To Net: NetName=DIG_9 Pin=J6-13
Added Pin To Net: NetName=DIG_6 Pin=J6-14
Added Pin To Net: NetName=DIG_8 Pin=J6-15
Added Pin To Net: NetName=DIG_7 Pin=J6-16
