Removed Pin From Net: NetName=GND Pin=J1-1
Removed Pin From Net: NetName=+12V1 Pin=J1-3
Removed Pin From Net: NetName=GND Pin=J2-1
Removed Pin From Net: NetName=+12V2 Pin=J2-3
Removed Pin From Net: NetName=GND Pin=J3-1
Removed Pin From Net: NetName=+12V3 Pin=J3-3
Removed Pin From Net: NetName=GND Pin=J4-1
Removed Pin From Net: NetName=+12V4 Pin=J4-3
Removed Pin From Net: NetName=GND Pin=J5-1
Removed Pin From Net: NetName=+12V5 Pin=J5-3
Removed Pin From Net: NetName=GND Pin=J7-1
Removed Pin From Net: NetName=+12V6 Pin=J7-3
Removed Pin From Net: NetName=GND Pin=J8-1
Removed Pin From Net: NetName=+12V7 Pin=J8-3
Removed Pin From Net: NetName=GND Pin=J9-1
Removed Pin From Net: NetName=+12V8 Pin=J9-3
Removed Pin From Net: NetName=GND Pin=J10-1
Removed Pin From Net: NetName=+12V9 Pin=J10-3
Removed Pin From Net: NetName=GND Pin=J11-1
Removed Pin From Net: NetName=+12V10 Pin=J11-3
Added Pin To Net: NetName=+12V1 Pin=J1-1
Added Pin To Net: NetName=GND Pin=J1-3
Added Pin To Net: NetName=+12V2 Pin=J2-1
Added Pin To Net: NetName=GND Pin=J2-3
Added Pin To Net: NetName=+12V3 Pin=J3-1
Added Pin To Net: NetName=GND Pin=J3-3
Added Pin To Net: NetName=+12V4 Pin=J4-1
Added Pin To Net: NetName=GND Pin=J4-3
Added Pin To Net: NetName=+12V5 Pin=J5-1
Added Pin To Net: NetName=GND Pin=J5-3
Added Pin To Net: NetName=+12V6 Pin=J7-1
Added Pin To Net: NetName=GND Pin=J7-3
Added Pin To Net: NetName=+12V7 Pin=J8-1
Added Pin To Net: NetName=GND Pin=J8-3
Added Pin To Net: NetName=+12V8 Pin=J9-1
Added Pin To Net: NetName=GND Pin=J9-3
Added Pin To Net: NetName=+12V9 Pin=J10-1
Added Pin To Net: NetName=GND Pin=J10-3
Added Pin To Net: NetName=+12V10 Pin=J11-1
Added Pin To Net: NetName=GND Pin=J11-3
Added Room: Name=top_schem
