Change Component Designator: OldDesignator=2kR15 NewDesignator=2kR5
Change Component Designator: OldDesignator=2kR20 NewDesignator=2kR10
Change Component Designator: OldDesignator=03R5 NewDesignator=3R5
Change Component Designator: OldDesignator=03R10 NewDesignator=3R10
Change Component Designator: OldDesignator=J6 NewDesignator=Board_Conn
Change Component Designator: OldDesignator=R1 NewDesignator=3R1
Change Component Designator: OldDesignator=R2 NewDesignator=3R2
Change Component Designator: OldDesignator=R3 NewDesignator=3R3
Change Component Designator: OldDesignator=R4 NewDesignator=3R4
Change Component Designator: OldDesignator=R6 NewDesignator=3R6
Change Component Designator: OldDesignator=R7 NewDesignator=3R7
Change Component Designator: OldDesignator=R8 NewDesignator=3R8
Change Component Designator: OldDesignator=R9 NewDesignator=3R9
Change Component Designator: OldDesignator=R11 NewDesignator=2kR1
Change Component Designator: OldDesignator=R12 NewDesignator=2kR2
Change Component Designator: OldDesignator=R13 NewDesignator=2kR3
Change Component Designator: OldDesignator=R14 NewDesignator=2kR4
Change Component Designator: OldDesignator=R16 NewDesignator=2kR6
Change Component Designator: OldDesignator=R17 NewDesignator=2kR7
Change Component Designator: OldDesignator=R18 NewDesignator=2kR8
Change Component Designator: OldDesignator=R19 NewDesignator=2kR9
